<?xml version="1.0" encoding="UTF-8"?>
<testng-results ignored="0" total="1" passed="1" failed="0" skipped="0">
  <reporter-output>
  </reporter-output>
  <suite started-at="2026-06-05T04:25:56 EEST" name="Default suite" finished-at="2026-06-05T04:26:19 EEST" duration-ms="22841">
    <groups>
    </groups>
    <test started-at="2026-06-05T04:25:56 EEST" name="Default test" finished-at="2026-06-05T04:26:19 EEST" duration-ms="22841">
      <class name="test.DeleteFromCartTest">
        <test-method is-config="true" signature="setup()[pri:0, instance:test.DeleteFromCartTest@48f2bd5b]" started-at="2026-06-05T04:25:56 EEST" name="setup" finished-at="2026-06-05T04:25:58 EEST" duration-ms="2040" status="PASS">
          <reporter-output>
          </reporter-output>
        </test-method> <!-- setup -->
        <test-method signature="deleteProductFromCart()[pri:0, instance:test.DeleteFromCartTest@48f2bd5b]" started-at="2026-06-05T04:25:58 EEST" name="deleteProductFromCart" finished-at="2026-06-05T04:26:18 EEST" duration-ms="20554" status="PASS">
          <reporter-output>
          </reporter-output>
        </test-method> <!-- deleteProductFromCart -->
        <test-method is-config="true" signature="tearDown()[pri:0, instance:test.DeleteFromCartTest@48f2bd5b]" started-at="2026-06-05T04:26:18 EEST" name="tearDown" finished-at="2026-06-05T04:26:19 EEST" duration-ms="203" status="PASS">
          <reporter-output>
          </reporter-output>
        </test-method> <!-- tearDown -->
      </class> <!-- test.DeleteFromCartTest -->
    </test> <!-- Default test -->
  </suite> <!-- Default suite -->
</testng-results>
