<?xml version="1.0" encoding="UTF-8"?>
<testng-results ignored="0" total="1" passed="1" failed="0" skipped="0">
  <reporter-output>
  </reporter-output>
  <suite started-at="2026-06-09T01:38:00 EEST" name="Default suite" finished-at="2026-06-09T01:38:12 EEST" duration-ms="12639">
    <groups>
    </groups>
    <test started-at="2026-06-09T01:38:00 EEST" name="Default test" finished-at="2026-06-09T01:38:12 EEST" duration-ms="12639">
      <class name="test.AddToCartTest">
        <test-method is-config="true" signature="setup()[pri:0, instance:test.AddToCartTest@48f2bd5b]" started-at="2026-06-09T01:38:00 EEST" name="setup" finished-at="2026-06-09T01:38:02 EEST" duration-ms="2444" status="PASS">
          <reporter-output>
          </reporter-output>
        </test-method> <!-- setup -->
        <test-method signature="addProductToCart()[pri:0, instance:test.AddToCartTest@48f2bd5b]" started-at="2026-06-09T01:38:02 EEST" name="addProductToCart" finished-at="2026-06-09T01:38:12 EEST" duration-ms="9914" status="PASS">
          <reporter-output>
          </reporter-output>
        </test-method> <!-- addProductToCart -->
        <test-method is-config="true" signature="tearDown()[pri:0, instance:test.AddToCartTest@48f2bd5b]" started-at="2026-06-09T01:38:12 EEST" name="tearDown" finished-at="2026-06-09T01:38:12 EEST" duration-ms="234" status="PASS">
          <reporter-output>
          </reporter-output>
        </test-method> <!-- tearDown -->
      </class> <!-- test.AddToCartTest -->
    </test> <!-- Default test -->
  </suite> <!-- Default suite -->
</testng-results>
